<?xml version="1.0" encoding="UTF-8"?>
<!-- Generated by org.testng.reporters.JUnitReportReporter -->
<testsuite hostname="DESKTOP-5HEVPVT" failures="0" tests="1" name="com.demowebshop.testscripts.AddToCartTest" time="58.093" errors="0" timestamp="2024-02-21T17:28:09 IST" skipped="0">
  <testcase classname="com.demowebshop.testscripts.AddToCartTest" name="TC_AddToCart001" time="58.093"/>
</testsuite> <!-- com.demowebshop.testscripts.AddToCartTest -->
